2024-11-14 08:51:57,998 - util - INFO - Started

2024-11-14 08:51:57,999 - util - INFO - outvector1 = [ 0  0 29 -6 -6]
2024-11-14 08:51:57,999 - util - INFO - outvector2 = [4 3 2]

2024-11-14 08:51:58,006 - util - INFO - outvector1 = [ 1.0000  0.0000  9.9599 -2.1517  0.2152]
2024-11-14 08:51:58,006 - util - INFO - outvector2 = [ 2.3903  1.8057  0.9929]
2024-11-14 08:51:58,006 - util - INFO - kktnorm    = 4.307115201941678

2024-11-14 08:51:58,010 - util - INFO - outvector1 = [ 2.0000  0.0000  8.8030 -0.1143  0.0232]
2024-11-14 08:51:58,010 - util - INFO - outvector2 = [ 2.0385  1.7624  1.2417]
2024-11-14 08:51:58,010 - util - INFO - kktnorm    = 0.6221210867839285

2024-11-14 08:51:58,015 - util - INFO - outvector1 = [ 3.0000  0.0000  8.7703 -0.0002  0.0000]
2024-11-14 08:51:58,015 - util - INFO - outvector2 = [ 2.0178  1.7786  1.2392]
2024-11-14 08:51:58,015 - util - INFO - kktnorm    = 0.02221729585724501

2024-11-14 08:51:58,019 - util - INFO - outvector1 = [ 4.0000  0.0000  8.7702  0.0000 -0.0000]
2024-11-14 08:51:58,019 - util - INFO - outvector2 = [ 2.0176  1.7794  1.2383]
2024-11-14 08:51:58,019 - util - INFO - kktnorm    = 0.004514848168456325

2024-11-14 08:51:58,024 - util - INFO - outvector1 = [ 5.0000  0.0000  8.7702  0.0000 -0.0000]
2024-11-14 08:51:58,024 - util - INFO - outvector2 = [ 2.0176  1.7798  1.2378]
2024-11-14 08:51:58,024 - util - INFO - kktnorm    = 0.0015626630207070617

2024-11-14 08:51:58,028 - util - INFO - outvector1 = [ 6.0000  0.0000  8.7702 -0.0000 -0.0000]
2024-11-14 08:51:58,028 - util - INFO - outvector2 = [ 2.0175  1.7800  1.2376]
2024-11-14 08:51:58,028 - util - INFO - kktnorm    = 0.00035034849134041524

2024-11-14 08:51:58,032 - util - INFO - outvector1 = [ 7.0000  0.0000  8.7702 -0.0000 -0.0000]
2024-11-14 08:51:58,033 - util - INFO - outvector2 = [ 2.0175  1.7800  1.2375]
2024-11-14 08:51:58,033 - util - INFO - kktnorm    = 4.046232679602292e-05

2024-11-14 08:51:58,037 - util - INFO - outvector1 = [ 8.0000  0.0000  8.7702 -0.0000 -0.0000]
2024-11-14 08:51:58,037 - util - INFO - outvector2 = [ 2.0175  1.7800  1.2375]
2024-11-14 08:51:58,037 - util - INFO - kktnorm    = 2.494070630787751e-06

2024-11-14 08:51:58,041 - util - INFO - outvector1 = [ 9.0000  0.0000  8.7702 -0.0000 -0.0000]
2024-11-14 08:51:58,041 - util - INFO - outvector2 = [ 2.0175  1.7800  1.2375]
2024-11-14 08:51:58,041 - util - INFO - kktnorm    = 8.220819329845235e-07

2024-11-14 08:51:58,046 - util - INFO - outvector1 = [ 10.0000  0.0000  8.7702 -0.0000 -0.0000]
2024-11-14 08:51:58,046 - util - INFO - outvector2 = [ 2.0175  1.7800  1.2375]
2024-11-14 08:51:58,046 - util - INFO - kktnorm    = 3.844920078255069e-07

2024-11-14 08:51:58,050 - util - INFO - outvector1 = [ 11.0000  0.0000  8.7702 -0.0000 -0.0000]
2024-11-14 08:51:58,050 - util - INFO - outvector2 = [ 2.0175  1.7800  1.2375]
2024-11-14 08:51:58,050 - util - INFO - kktnorm    = 4.3359496454658805e-07

2024-11-14 08:51:58,050 - util - INFO - Finished
